2024-08-24T19:56:13.912+01:00  INFO 21588 --- [Lavalink] [main] lavalink.server.Launcher                 : Starting Launcher v4.0.7 using Java 21.0.2 with PID 21588 (/Users/fernandovideira/Developer/pain/Lavalink.jar started by fernandovideira in /Users/fernandovideira/Developer/pain)
2024-08-24T19:56:13.922+01:00  INFO 21588 --- [Lavalink] [main] lavalink.server.Launcher                 : No active profile set, falling back to 1 default profile: "default"
2024-08-24T19:56:14.454+01:00  INFO 21588 --- [Lavalink] [main] l.server.bootstrap.PluginManager         : Found plugin 'youtube-plugin' version 1.7.1
2024-08-24T19:56:14.463+01:00  INFO 21588 --- [Lavalink] [main] l.server.bootstrap.PluginManager         : Loaded youtube-plugin-1.7.1.jar (15 classes)
2024-08-24T19:56:14.549+01:00  INFO 21588 --- [Lavalink] [main] lavalink.server.Launcher                 : Started Launcher in 0.934 seconds (process running for 1.219)
2024-08-24T19:56:14.583+01:00  INFO 21588 --- [Lavalink] [main] lavalink.server.Launcher                 : 

[32m       .  [31m _                  _ _       _    [32m__ _ _
[32m      /\\ [31m| | __ ___   ____ _| (_)_ __ | | __[32m\ \ \ \
[32m     ( ( )[31m| |/ _` \ \ / / _` | | | '_ \| |/ /[32m \ \ \ \
[32m      \\/ [31m| | (_| |\ V / (_| | | | | | |   < [32m  ) ) ) )
[32m       '  [31m|_|\__,_| \_/ \__,_|_|_|_| |_|_|\_\[32m / / / /
[0m    =========================================[32m/_/_/_/[0m

	Version:        4.0.7
	Build time:     08.07.2024 22:14:17 UTC
	Branch          HEAD
	Commit:         93102f8
	Commit time:    08.07.2024 21:49:02 UTC
	JVM:            21.0.2
	Lavaplayer      2.2.1

2024-08-24T19:56:14.588+01:00  INFO 21588 --- [Lavalink] [main] lavalink.server.Launcher                 : No active profile set, falling back to 1 default profile: "default"
2024-08-24T19:56:14.970+01:00  WARN 21588 --- [Lavalink] [main] io.undertow.websockets.jsr               : UT026010: Buffer pool was not set on WebSocketDeploymentInfo, the default pool will be used
2024-08-24T19:56:14.983+01:00  INFO 21588 --- [Lavalink] [main] io.undertow.servlet                      : Initializing Spring embedded WebApplicationContext
2024-08-24T19:56:14.983+01:00  INFO 21588 --- [Lavalink] [main] w.s.c.ServletWebServerApplicationContext : Root WebApplicationContext: initialization completed in 392 ms
2024-08-24T19:56:15.914+01:00  INFO 21588 --- [Lavalink] [main] dev.lavalink.youtube.plugin.PluginInfo   : ********************************************
YOUTUBE-SOURCE VERSION 1.7.2 AVAILABLE
https://github.com/lavalink-devs/youtube-source/releases/tag/1.7.2
Update to ensure the YouTube source remains operational!
********************************************
2024-08-24T19:56:15.934+01:00  INFO 21588 --- [Lavalink] [main] c.s.d.l.tools.GarbageCollectionMonitor   : GC monitoring enabled, reporting results every 2 minutes.
2024-08-24T19:56:16.264+01:00  INFO 21588 --- [Lavalink] [main] d.l.youtube.plugin.YoutubePluginLoader   : YouTube source initialised with clients: WEB_REMIX, ANDROID_TESTSUITE, WEB, TVHTML5_SIMPLY_EMBEDDED_PLAYER 
2024-08-24T19:56:16.348+01:00  INFO 21588 --- [Lavalink] [main] l.server.config.KoeConfiguration         : OS: DARWIN, Arch: ARMv8_64
2024-08-24T19:56:16.348+01:00  INFO 21588 --- [Lavalink] [main] l.server.config.KoeConfiguration         : Enabling JDA-NAS
2024-08-24T19:56:16.350+01:00  INFO 21588 --- [Lavalink] [main] c.s.l.c.natives.NativeLibraryLoader      : Native library udpqueue: loading with filter null
2024-08-24T19:56:17.332+01:00  INFO 21588 --- [Lavalink] [main] c.s.l.c.natives.NativeLibraryLoader      : Native library udpqueue: successfully loaded.
2024-08-24T19:56:17.380+01:00  WARN 21588 --- [Lavalink] [main] l.server.config.SentryConfiguration      : Turning off sentry
2024-08-24T19:56:17.540+01:00  INFO 21588 --- [Lavalink] [main] io.undertow                              : starting server: Undertow - 2.3.13.Final
2024-08-24T19:56:17.547+01:00  INFO 21588 --- [Lavalink] [main] org.xnio                                 : XNIO version 3.8.8.Final
2024-08-24T19:56:17.553+01:00  INFO 21588 --- [Lavalink] [main] org.xnio.nio                             : XNIO NIO Implementation Version 3.8.8.Final
2024-08-24T19:56:17.611+01:00  INFO 21588 --- [Lavalink] [main] org.jboss.threads                        : JBoss Threads version 3.5.0.Final
2024-08-24T19:56:17.658+01:00  INFO 21588 --- [Lavalink] [main] o.s.b.w.e.undertow.UndertowWebServer     : Undertow started on port 2333 (http) with context path '/'
2024-08-24T19:56:17.661+01:00  INFO 21588 --- [Lavalink] [main] lavalink.server.Launcher                 : Started Launcher in 3.108 seconds (process running for 4.331)
2024-08-24T19:56:17.662+01:00  INFO 21588 --- [Lavalink] [main] lavalink.server.Launcher                 : Lavalink is ready to accept connections.
2024-08-24T19:56:32.623+01:00  INFO 21588 --- [Lavalink] [XNIO-1 task-2] io.undertow.servlet                      : Initializing Spring DispatcherServlet 'dispatcherServlet'
2024-08-24T19:56:32.624+01:00  INFO 21588 --- [Lavalink] [XNIO-1 task-2] o.s.web.servlet.DispatcherServlet        : Initializing Servlet 'dispatcherServlet'
2024-08-24T19:56:32.624+01:00  INFO 21588 --- [Lavalink] [XNIO-1 task-2] o.s.web.servlet.DispatcherServlet        : Completed initialization in 0 ms
2024-08-24T19:56:32.640+01:00  INFO 21588 --- [Lavalink] [XNIO-1 task-2] l.server.io.HandshakeInterceptorImpl     : Incoming connection from /[0:0:0:0:0:0:0:1]:52757
2024-08-24T19:56:32.654+01:00  INFO 21588 --- [Lavalink] [XNIO-1 task-2] l.server.io.RequestLoggingFilter         : GET /v4/websocket, client=0:0:0:0:0:0:0:1
2024-08-24T19:56:32.689+01:00  INFO 21588 --- [Lavalink] [XNIO-1 task-2] lavalink.server.io.SocketServer          : Connection successfully established from Wavelink/3.3.0
2024-08-24T19:56:32.762+01:00  INFO 21588 --- [Lavalink] [XNIO-1 task-2] l.server.io.RequestLoggingFilter         : PATCH /v4/sessions/1i0svttoo2e4rasp, client=127.0.0.1, payload={"resuming": true, "timeout": 60}
2024-08-24T19:56:32.771+01:00  INFO 21588 --- [Lavalink] [XNIO-1 task-2] l.server.io.RequestLoggingFilter         : GET /v4/info, client=127.0.0.1
2024-08-24T19:56:44.562+01:00  INFO 21588 --- [Lavalink] [SpringApplicationShutdownHook] io.undertow                              : stopping server: Undertow - 2.3.13.Final
2024-08-24T19:56:44.565+01:00  INFO 21588 --- [Lavalink] [SpringApplicationShutdownHook] io.undertow.servlet                      : Destroying Spring FrameworkServlet 'dispatcherServlet'
2024-08-24T19:56:44.567+01:00  INFO 21588 --- [Lavalink] [SpringApplicationShutdownHook] c.s.d.l.tools.GarbageCollectionMonitor   : GC monitoring disabled.
2024-08-24T19:57:39.241+01:00  INFO 23395 --- [Lavalink] [main] lavalink.server.Launcher                 : Starting Launcher v4.0.7 using Java 21.0.2 with PID 23395 (/Users/fernandovideira/Developer/pain/Lavalink.jar started by fernandovideira in /Users/fernandovideira/Developer/pain)
2024-08-24T19:57:39.244+01:00  INFO 23395 --- [Lavalink] [main] lavalink.server.Launcher                 : No active profile set, falling back to 1 default profile: "default"
2024-08-24T19:57:39.731+01:00  INFO 23395 --- [Lavalink] [main] l.server.bootstrap.PluginManager         : Found plugin 'youtube-plugin' version 1.7.2
2024-08-24T19:57:39.741+01:00  INFO 23395 --- [Lavalink] [main] l.server.bootstrap.PluginManager         : Loaded youtube-plugin-1.7.2.jar (15 classes)
2024-08-24T19:57:39.828+01:00  INFO 23395 --- [Lavalink] [main] lavalink.server.Launcher                 : Started Launcher in 0.877 seconds (process running for 1.14)
2024-08-24T19:57:39.860+01:00  INFO 23395 --- [Lavalink] [main] lavalink.server.Launcher                 : 

[32m       .  [31m _                  _ _       _    [32m__ _ _
[32m      /\\ [31m| | __ ___   ____ _| (_)_ __ | | __[32m\ \ \ \
[32m     ( ( )[31m| |/ _` \ \ / / _` | | | '_ \| |/ /[32m \ \ \ \
[32m      \\/ [31m| | (_| |\ V / (_| | | | | | |   < [32m  ) ) ) )
[32m       '  [31m|_|\__,_| \_/ \__,_|_|_|_| |_|_|\_\[32m / / / /
[0m    =========================================[32m/_/_/_/[0m

	Version:        4.0.7
	Build time:     08.07.2024 22:14:17 UTC
	Branch          HEAD
	Commit:         93102f8
	Commit time:    08.07.2024 21:49:02 UTC
	JVM:            21.0.2
	Lavaplayer      2.2.1

2024-08-24T19:57:39.865+01:00  INFO 23395 --- [Lavalink] [main] lavalink.server.Launcher                 : No active profile set, falling back to 1 default profile: "default"
2024-08-24T19:57:40.213+01:00  WARN 23395 --- [Lavalink] [main] io.undertow.websockets.jsr               : UT026010: Buffer pool was not set on WebSocketDeploymentInfo, the default pool will be used
2024-08-24T19:57:40.227+01:00  INFO 23395 --- [Lavalink] [main] io.undertow.servlet                      : Initializing Spring embedded WebApplicationContext
2024-08-24T19:57:40.227+01:00  INFO 23395 --- [Lavalink] [main] w.s.c.ServletWebServerApplicationContext : Root WebApplicationContext: initialization completed in 359 ms
2024-08-24T19:57:41.078+01:00  INFO 23395 --- [Lavalink] [main] c.s.d.l.tools.GarbageCollectionMonitor   : GC monitoring enabled, reporting results every 2 minutes.
2024-08-24T19:57:41.362+01:00  INFO 23395 --- [Lavalink] [main] d.l.youtube.plugin.YoutubePluginLoader   : YouTube source initialised with clients: WEB_REMIX, ANDROID_TESTSUITE, WEB, TVHTML5_SIMPLY_EMBEDDED_PLAYER 
2024-08-24T19:57:41.440+01:00  INFO 23395 --- [Lavalink] [main] l.server.config.KoeConfiguration         : OS: DARWIN, Arch: ARMv8_64
2024-08-24T19:57:41.440+01:00  INFO 23395 --- [Lavalink] [main] l.server.config.KoeConfiguration         : Enabling JDA-NAS
2024-08-24T19:57:41.442+01:00  INFO 23395 --- [Lavalink] [main] c.s.l.c.natives.NativeLibraryLoader      : Native library udpqueue: loading with filter null
2024-08-24T19:57:41.779+01:00  INFO 23395 --- [Lavalink] [main] c.s.l.c.natives.NativeLibraryLoader      : Native library udpqueue: successfully loaded.
2024-08-24T19:57:41.830+01:00  WARN 23395 --- [Lavalink] [main] l.server.config.SentryConfiguration      : Turning off sentry
2024-08-24T19:57:41.982+01:00  INFO 23395 --- [Lavalink] [main] io.undertow                              : starting server: Undertow - 2.3.13.Final
2024-08-24T19:57:41.989+01:00  INFO 23395 --- [Lavalink] [main] org.xnio                                 : XNIO version 3.8.8.Final
2024-08-24T19:57:41.995+01:00  INFO 23395 --- [Lavalink] [main] org.xnio.nio                             : XNIO NIO Implementation Version 3.8.8.Final
2024-08-24T19:57:42.050+01:00  INFO 23395 --- [Lavalink] [main] org.jboss.threads                        : JBoss Threads version 3.5.0.Final
2024-08-24T19:57:42.094+01:00  INFO 23395 --- [Lavalink] [main] o.s.b.w.e.undertow.UndertowWebServer     : Undertow started on port 2333 (http) with context path '/'
2024-08-24T19:57:42.097+01:00  INFO 23395 --- [Lavalink] [main] lavalink.server.Launcher                 : Started Launcher in 2.264 seconds (process running for 3.409)
2024-08-24T19:57:42.097+01:00  INFO 23395 --- [Lavalink] [main] lavalink.server.Launcher                 : Lavalink is ready to accept connections.
2024-08-24T19:57:49.553+01:00  INFO 23395 --- [Lavalink] [XNIO-1 task-2] io.undertow.servlet                      : Initializing Spring DispatcherServlet 'dispatcherServlet'
2024-08-24T19:57:49.553+01:00  INFO 23395 --- [Lavalink] [XNIO-1 task-2] o.s.web.servlet.DispatcherServlet        : Initializing Servlet 'dispatcherServlet'
2024-08-24T19:57:49.554+01:00  INFO 23395 --- [Lavalink] [XNIO-1 task-2] o.s.web.servlet.DispatcherServlet        : Completed initialization in 1 ms
2024-08-24T19:57:49.570+01:00  INFO 23395 --- [Lavalink] [XNIO-1 task-2] l.server.io.HandshakeInterceptorImpl     : Incoming connection from /[0:0:0:0:0:0:0:1]:53060
2024-08-24T19:57:49.580+01:00  INFO 23395 --- [Lavalink] [XNIO-1 task-2] l.server.io.RequestLoggingFilter         : GET /v4/websocket, client=0:0:0:0:0:0:0:1
2024-08-24T19:57:49.611+01:00  INFO 23395 --- [Lavalink] [XNIO-1 task-2] lavalink.server.io.SocketServer          : Connection successfully established from Wavelink/3.3.0
2024-08-24T19:57:49.683+01:00  INFO 23395 --- [Lavalink] [XNIO-1 task-2] l.server.io.RequestLoggingFilter         : PATCH /v4/sessions/17t7p048x6eea8bv, client=127.0.0.1, payload={"resuming": true, "timeout": 60}
2024-08-24T19:57:49.693+01:00  INFO 23395 --- [Lavalink] [XNIO-1 task-2] l.server.io.RequestLoggingFilter         : GET /v4/info, client=127.0.0.1
2024-08-24T19:58:42.776+01:00  INFO 23395 --- [Lavalink] [XNIO-1 task-2] l.server.io.RequestLoggingFilter         : PATCH /v4/sessions/17t7p048x6eea8bv/players/1169255234598600804?noReplace=True, client=0:0:0:0:0:0:0:1, payload={"voice": {"sessionId": "8ff7fe2cff914512bcf753334a77b788", "token": "562e515e04704d1b", "endpoint": "madrid53.discord.media:443"}}
2024-08-24T19:58:42.785+01:00  INFO 23395 --- [Lavalink] [XNIO-1 task-2] l.server.player.AudioLoaderRestHandler   : Got request to load for identifier "https://www.youtube.com/watch?v=jfKfPfyJRdk"
2024-08-24T19:58:43.471+01:00  INFO 23395 --- [Lavalink] [XNIO-1 task-2] d.l.y.http.YoutubeAccessTokenTracker     : Updating YouTube visitor id succeeded, new one is CgtJN28yM3B1YWNrYyjj2qi2BjIiCgJQVBIcEhgSFgsMDg8QERITFBUWFxgZGhscHR4fICEgTDoMCAEg5qb_2LKsi-Vm, next update will be after 600 seconds.
2024-08-24T19:58:43.555+01:00  INFO 23395 --- [Lavalink] [XNIO-1 task-2] lavalink.server.player.AudioLoader       : Loaded track lofi hip hop radio 📚 - beats to relax/study to
2024-08-24T19:58:43.564+01:00  INFO 23395 --- [Lavalink] [XNIO-1 task-2] l.server.io.RequestLoggingFilter         : GET /v4/loadtracks?identifier=https://www.youtube.com/watch?v%3DjfKfPfyJRdk, client=0:0:0:0:0:0:0:1
2024-08-24T19:58:44.869+01:00  INFO 23395 --- [Lavalink] [XNIO-1 task-2] l.server.io.RequestLoggingFilter         : PATCH /v4/sessions/17t7p048x6eea8bv/players/1169255234598600804?noReplace=False, client=0:0:0:0:0:0:0:1, payload={"track": {"encoded": "QAAAygMAM2xvZmkgaGlwIGhvcCByYWRpbyDtoL3ts5ogLSBiZWF0cyB0byByZWxheC9zdHVkeSB0bwAJTG9maSBHaXJsf/////////8AC2pmS2ZQZnlKUmRrAQEAK2h0dHBzOi8vd3d3LnlvdXR1YmUuY29tL3dhdGNoP3Y9amZLZlBmeUpSZGsBADBodHRwczovL2kueXRpbWcuY29tL3ZpL2pmS2ZQZnlKUmRrL21xZGVmYXVsdC5qcGcAAAd5b3V0dWJlAAAAAAAAAAA=", "userData": {}}, "volume": 100, "position": 0, "endTime": null, "paused": false, "filters": {"equalizer": [{"band": 0, "gain": 0.0}, {"band": 1, "gain": 0.0}, {"band": 2, "gain": 0.0}, {"band": 3, "gain": 0.0}, {"band": 4, "gain": 0.0}, {"band": 5, "gain": 0.0}, {"band": 6, "gain": 0.0}, {"band": 7, "gain": 0.0}, {"band": 8, "gain": 0.0}, {"band": 9, "gain": 0.0}, {"band": 10, "gain": 0.0}, {"band": 11, "gain": 0.0}, {"band": 12, "gain": 0.0}, {"band": 13, "gain": 0.0}, {"band": 14, "gain": 0.0}]}}
2024-08-24T19:58:45.698+01:00  INFO 23395 --- [Lavalink] [lava-daemon-pool-playback-1-thread-1] c.s.l.c.natives.NativeLibraryLoader      : Native library libmpg123-0: loading with filter com.sedmelluq.discord.lavaplayer.natives.ConnectorNativeLibLoader$$Lambda/0x00000098018261f0@399033dd
2024-08-24T19:58:45.698+01:00  INFO 23395 --- [Lavalink] [lava-daemon-pool-playback-1-thread-1] c.s.l.c.natives.NativeLibraryLoader      : Native library connector: loading with filter null
2024-08-24T19:58:46.291+01:00  INFO 23395 --- [Lavalink] [lava-daemon-pool-playback-1-thread-1] c.s.l.c.natives.NativeLibraryLoader      : Native library connector: successfully loaded.
2024-08-24T19:59:41.375+01:00  INFO 23395 --- [Lavalink] [XNIO-1 task-2] l.server.player.AudioLoaderRestHandler   : Got request to load for identifier "https://www.youtube.com/watch?v=jfKfPfyJRdk"
2024-08-24T19:59:41.487+01:00  INFO 23395 --- [Lavalink] [XNIO-1 task-2] lavalink.server.player.AudioLoader       : Loaded track lofi hip hop radio 📚 - beats to relax/study to
2024-08-24T19:59:41.491+01:00  INFO 23395 --- [Lavalink] [XNIO-1 task-2] l.server.io.RequestLoggingFilter         : GET /v4/loadtracks?identifier=https://www.youtube.com/watch?v%3DjfKfPfyJRdk, client=0:0:0:0:0:0:0:1
2024-08-24T19:59:42.801+01:00  INFO 23395 --- [Lavalink] [XNIO-1 task-2] l.server.io.RequestLoggingFilter         : PATCH /v4/sessions/17t7p048x6eea8bv/players/1169255234598600804?noReplace=False, client=0:0:0:0:0:0:0:1, payload={"track": {"encoded": "QAAAygMAM2xvZmkgaGlwIGhvcCByYWRpbyDtoL3ts5ogLSBiZWF0cyB0byByZWxheC9zdHVkeSB0bwAJTG9maSBHaXJsf/////////8AC2pmS2ZQZnlKUmRrAQEAK2h0dHBzOi8vd3d3LnlvdXR1YmUuY29tL3dhdGNoP3Y9amZLZlBmeUpSZGsBADBodHRwczovL2kueXRpbWcuY29tL3ZpL2pmS2ZQZnlKUmRrL21xZGVmYXVsdC5qcGcAAAd5b3V0dWJlAAAAAAAAAAA=", "userData": {}}, "volume": 100, "position": 0, "endTime": null, "paused": false, "filters": {"equalizer": [{"band": 0, "gain": 0.0}, {"band": 1, "gain": 0.0}, {"band": 2, "gain": 0.0}, {"band": 3, "gain": 0.0}, {"band": 4, "gain": 0.0}, {"band": 5, "gain": 0.0}, {"band": 6, "gain": 0.0}, {"band": 7, "gain": 0.0}, {"band": 8, "gain": 0.0}, {"band": 9, "gain": 0.0}, {"band": 10, "gain": 0.0}, {"band": 11, "gain": 0.0}, {"band": 12, "gain": 0.0}, {"band": 13, "gain": 0.0}, {"band": 14, "gain": 0.0}]}}
2024-08-24T19:59:54.677+01:00  INFO 23395 --- [Lavalink] [XNIO-1 task-2] l.server.io.RequestLoggingFilter         : DELETE /v4/sessions/17t7p048x6eea8bv/players/1169255234598600804, client=0:0:0:0:0:0:0:1
2024-08-24T20:02:08.715+01:00  INFO 23395 --- [Lavalink] [XNIO-1 I/O-1] lavalink.server.io.SocketServer          : Connection closed from /[0:0:0:0:0:0:0:1]:53060 with status CloseStatus[code=1006, reason=] -- Session can be resumed within the next 60 seconds with id 17t7p048x6eea8bv
2024-08-24T20:02:10.130+01:00  INFO 23395 --- [Lavalink] [XNIO-1 task-2] l.server.io.HandshakeInterceptorImpl     : Incoming connection from /[0:0:0:0:0:0:0:1]:53554
2024-08-24T20:02:10.131+01:00  INFO 23395 --- [Lavalink] [XNIO-1 task-2] l.server.io.RequestLoggingFilter         : GET /v4/websocket, client=0:0:0:0:0:0:0:1
2024-08-24T20:02:10.132+01:00  INFO 23395 --- [Lavalink] [XNIO-1 task-2] lavalink.server.io.SocketServer          : Connection successfully established from Wavelink/3.3.0
2024-08-24T20:02:10.193+01:00  INFO 23395 --- [Lavalink] [XNIO-1 task-2] l.server.io.RequestLoggingFilter         : PATCH /v4/sessions/zjkrljvwnnpjh67g, client=127.0.0.1, payload={"resuming": true, "timeout": 60}
2024-08-24T20:02:10.194+01:00  INFO 23395 --- [Lavalink] [XNIO-1 task-2] l.server.io.RequestLoggingFilter         : GET /v4/info, client=127.0.0.1
2024-08-24T20:02:18.414+01:00  INFO 23395 --- [Lavalink] [XNIO-1 task-2] l.server.io.RequestLoggingFilter         : PATCH /v4/sessions/zjkrljvwnnpjh67g/players/1169255234598600804?noReplace=True, client=127.0.0.1, payload={"voice": {"sessionId": "3dc48adaf983e35e99ce83ffd66b36c7", "token": "d336849bb1bf0db8", "endpoint": "madrid53.discord.media:443"}}
2024-08-24T20:02:18.415+01:00  INFO 23395 --- [Lavalink] [XNIO-1 task-2] l.server.player.AudioLoaderRestHandler   : Got request to load for identifier "https://www.youtube.com/watch?v=jfKfPfyJRdk"
2024-08-24T20:02:18.511+01:00  INFO 23395 --- [Lavalink] [XNIO-1 task-2] lavalink.server.player.AudioLoader       : Loaded track lofi hip hop radio 📚 - beats to relax/study to
2024-08-24T20:02:18.516+01:00  INFO 23395 --- [Lavalink] [XNIO-1 task-2] l.server.io.RequestLoggingFilter         : GET /v4/loadtracks?identifier=https://www.youtube.com/watch?v%3DjfKfPfyJRdk, client=127.0.0.1
2024-08-24T20:02:19.865+01:00  INFO 23395 --- [Lavalink] [XNIO-1 task-2] l.server.io.RequestLoggingFilter         : PATCH /v4/sessions/zjkrljvwnnpjh67g/players/1169255234598600804?noReplace=False, client=127.0.0.1, payload={"track": {"encoded": "QAAAygMAM2xvZmkgaGlwIGhvcCByYWRpbyDtoL3ts5ogLSBiZWF0cyB0byByZWxheC9zdHVkeSB0bwAJTG9maSBHaXJsf/////////8AC2pmS2ZQZnlKUmRrAQEAK2h0dHBzOi8vd3d3LnlvdXR1YmUuY29tL3dhdGNoP3Y9amZLZlBmeUpSZGsBADBodHRwczovL2kueXRpbWcuY29tL3ZpL2pmS2ZQZnlKUmRrL21xZGVmYXVsdC5qcGcAAAd5b3V0dWJlAAAAAAAAAAA=", "userData": {}}, "volume": 100, "position": 0, "endTime": null, "paused": false, "filters": {"equalizer": [{"band": 0, "gain": 0.0}, {"band": 1, "gain": 0.0}, {"band": 2, "gain": 0.0}, {"band": 3, "gain": 0.0}, {"band": 4, "gain": 0.0}, {"band": 5, "gain": 0.0}, {"band": 6, "gain": 0.0}, {"band": 7, "gain": 0.0}, {"band": 8, "gain": 0.0}, {"band": 9, "gain": 0.0}, {"band": 10, "gain": 0.0}, {"band": 11, "gain": 0.0}, {"band": 12, "gain": 0.0}, {"band": 13, "gain": 0.0}, {"band": 14, "gain": 0.0}]}}
2024-08-24T20:02:44.026+01:00  INFO 23395 --- [Lavalink] [XNIO-1 task-2] l.server.player.AudioLoaderRestHandler   : Got request to load for identifier "ytsearch:puta do ic2"
2024-08-24T20:02:44.411+01:00  INFO 23395 --- [Lavalink] [XNIO-1 task-2] lavalink.server.player.AudioLoader       : Loaded playlist Search results for: puta do ic2
2024-08-24T20:02:44.422+01:00  INFO 23395 --- [Lavalink] [XNIO-1 task-2] l.server.io.RequestLoggingFilter         : GET /v4/loadtracks?identifier=ytsearch:puta%20do%20ic2, client=0:0:0:0:0:0:0:1
2024-08-24T20:02:47.763+01:00  INFO 23395 --- [Lavalink] [XNIO-1 task-2] l.server.io.RequestLoggingFilter         : PATCH /v4/sessions/zjkrljvwnnpjh67g/players/1169255234598600804?noReplace=False, client=0:0:0:0:0:0:0:1, payload={"track": {"encoded": null}}
2024-08-24T20:02:47.775+01:00  INFO 23395 --- [Lavalink] [XNIO-1 task-2] l.server.io.RequestLoggingFilter         : PATCH /v4/sessions/zjkrljvwnnpjh67g/players/1169255234598600804?noReplace=False, client=0:0:0:0:0:0:0:1, payload={"track": {"encoded": "QAAA4AMAMUEgUCp0YSBkbyBJQzIgLSBFbWFudWVsIE1vdXJhIChtYWlvcmVzIDE4KSDtoL3ttJ4AIURBVklEIEFOVFVORVMgJiBUSEUgTUlETklHSFQgQkFORAAAAAAAAnToAAtIb1FXVXNmb2dqUQABACtodHRwczovL3d3dy55b3V0dWJlLmNvbS93YXRjaD92PUhvUVdVc2ZvZ2pRAQAwaHR0cHM6Ly9pLnl0aW1nLmNvbS92aS9Ib1FXVXNmb2dqUS9tcWRlZmF1bHQuanBnAAAHeW91dHViZQAAAAAAAAAA", "userData": {}}, "volume": 100, "position": 0, "endTime": null, "paused": false, "filters": {"equalizer": [{"band": 0, "gain": 0.0}, {"band": 1, "gain": 0.0}, {"band": 2, "gain": 0.0}, {"band": 3, "gain": 0.0}, {"band": 4, "gain": 0.0}, {"band": 5, "gain": 0.0}, {"band": 6, "gain": 0.0}, {"band": 7, "gain": 0.0}, {"band": 8, "gain": 0.0}, {"band": 9, "gain": 0.0}, {"band": 10, "gain": 0.0}, {"band": 11, "gain": 0.0}, {"band": 12, "gain": 0.0}, {"band": 13, "gain": 0.0}, {"band": 14, "gain": 0.0}]}}
2024-08-24T20:03:08.718+01:00  INFO 23395 --- [Lavalink] [pool-2-thread-1] lavalink.server.io.SocketContext         : Shutting down 0 playing players.
2024-08-24T20:03:14.179+01:00  INFO 23395 --- [Lavalink] [SpringApplicationShutdownHook] io.undertow                              : stopping server: Undertow - 2.3.13.Final
2024-08-24T20:03:14.181+01:00  INFO 23395 --- [Lavalink] [SpringApplicationShutdownHook] io.undertow.servlet                      : Destroying Spring FrameworkServlet 'dispatcherServlet'
2024-08-24T20:03:14.183+01:00  INFO 23395 --- [Lavalink] [SpringApplicationShutdownHook] c.s.d.l.tools.GarbageCollectionMonitor   : GC monitoring disabled.
2024-08-24T20:03:14.185+01:00  INFO 23395 --- [Lavalink] [XNIO-1 I/O-4] lavalink.server.io.SocketServer          : Connection closed from /[0:0:0:0:0:0:0:1]:53554 with status CloseStatus[code=1006, reason=] -- Session can be resumed within the next 60 seconds with id zjkrljvwnnpjh67g
2024-08-24T20:19:04.688+01:00  INFO 39471 --- [Lavalink] [main] lavalink.server.Launcher                 : Starting Launcher v4.0.7 using Java 21.0.2 with PID 39471 (/Users/fernandovideira/Developer/pain/Lavalink.jar started by fernandovideira in /Users/fernandovideira/Developer/pain)
2024-08-24T20:19:04.691+01:00  INFO 39471 --- [Lavalink] [main] lavalink.server.Launcher                 : No active profile set, falling back to 1 default profile: "default"
2024-08-24T20:19:05.202+01:00  INFO 39471 --- [Lavalink] [main] l.server.bootstrap.PluginManager         : Found plugin 'youtube-plugin' version 1.7.2
2024-08-24T20:19:05.213+01:00  INFO 39471 --- [Lavalink] [main] l.server.bootstrap.PluginManager         : Loaded youtube-plugin-1.7.2.jar (15 classes)
2024-08-24T20:19:05.301+01:00  INFO 39471 --- [Lavalink] [main] lavalink.server.Launcher                 : Started Launcher in 0.903 seconds (process running for 1.167)
2024-08-24T20:19:05.336+01:00  INFO 39471 --- [Lavalink] [main] lavalink.server.Launcher                 : 

[32m       .  [31m _                  _ _       _    [32m__ _ _
[32m      /\\ [31m| | __ ___   ____ _| (_)_ __ | | __[32m\ \ \ \
[32m     ( ( )[31m| |/ _` \ \ / / _` | | | '_ \| |/ /[32m \ \ \ \
[32m      \\/ [31m| | (_| |\ V / (_| | | | | | |   < [32m  ) ) ) )
[32m       '  [31m|_|\__,_| \_/ \__,_|_|_|_| |_|_|\_\[32m / / / /
[0m    =========================================[32m/_/_/_/[0m

	Version:        4.0.7
	Build time:     08.07.2024 22:14:17 UTC
	Branch          HEAD
	Commit:         93102f8
	Commit time:    08.07.2024 21:49:02 UTC
	JVM:            21.0.2
	Lavaplayer      2.2.1

2024-08-24T20:19:05.342+01:00  INFO 39471 --- [Lavalink] [main] lavalink.server.Launcher                 : No active profile set, falling back to 1 default profile: "default"
2024-08-24T20:19:05.694+01:00  WARN 39471 --- [Lavalink] [main] io.undertow.websockets.jsr               : UT026010: Buffer pool was not set on WebSocketDeploymentInfo, the default pool will be used
2024-08-24T20:19:05.707+01:00  INFO 39471 --- [Lavalink] [main] io.undertow.servlet                      : Initializing Spring embedded WebApplicationContext
2024-08-24T20:19:05.707+01:00  INFO 39471 --- [Lavalink] [main] w.s.c.ServletWebServerApplicationContext : Root WebApplicationContext: initialization completed in 362 ms
2024-08-24T20:19:06.614+01:00  INFO 39471 --- [Lavalink] [main] c.s.d.l.tools.GarbageCollectionMonitor   : GC monitoring enabled, reporting results every 2 minutes.
2024-08-24T20:19:06.938+01:00  INFO 39471 --- [Lavalink] [main] d.l.youtube.plugin.YoutubePluginLoader   : YouTube source initialised with clients: WEB_REMIX, ANDROID_TESTSUITE, WEB, TVHTML5_SIMPLY_EMBEDDED_PLAYER 
2024-08-24T20:19:07.017+01:00  INFO 39471 --- [Lavalink] [main] l.server.config.KoeConfiguration         : OS: DARWIN, Arch: ARMv8_64
2024-08-24T20:19:07.018+01:00  INFO 39471 --- [Lavalink] [main] l.server.config.KoeConfiguration         : Enabling JDA-NAS
2024-08-24T20:19:07.019+01:00  INFO 39471 --- [Lavalink] [main] c.s.l.c.natives.NativeLibraryLoader      : Native library udpqueue: loading with filter null
2024-08-24T20:19:07.569+01:00  INFO 39471 --- [Lavalink] [main] c.s.l.c.natives.NativeLibraryLoader      : Native library udpqueue: successfully loaded.
2024-08-24T20:19:07.614+01:00  WARN 39471 --- [Lavalink] [main] l.server.config.SentryConfiguration      : Turning off sentry
2024-08-24T20:19:07.770+01:00  INFO 39471 --- [Lavalink] [main] io.undertow                              : starting server: Undertow - 2.3.13.Final
2024-08-24T20:19:07.776+01:00  INFO 39471 --- [Lavalink] [main] org.xnio                                 : XNIO version 3.8.8.Final
2024-08-24T20:19:07.783+01:00  INFO 39471 --- [Lavalink] [main] org.xnio.nio                             : XNIO NIO Implementation Version 3.8.8.Final
2024-08-24T20:19:07.838+01:00  INFO 39471 --- [Lavalink] [main] org.jboss.threads                        : JBoss Threads version 3.5.0.Final
2024-08-24T20:19:07.882+01:00  INFO 39471 --- [Lavalink] [main] o.s.b.w.e.undertow.UndertowWebServer     : Undertow started on port 2333 (http) with context path '/'
2024-08-24T20:19:07.885+01:00  INFO 39471 --- [Lavalink] [main] lavalink.server.Launcher                 : Started Launcher in 2.58 seconds (process running for 3.752)
2024-08-24T20:19:07.886+01:00  INFO 39471 --- [Lavalink] [main] lavalink.server.Launcher                 : Lavalink is ready to accept connections.
2024-08-24T20:19:10.316+01:00  INFO 39471 --- [Lavalink] [XNIO-1 task-2] io.undertow.servlet                      : Initializing Spring DispatcherServlet 'dispatcherServlet'
2024-08-24T20:19:10.316+01:00  INFO 39471 --- [Lavalink] [XNIO-1 task-2] o.s.web.servlet.DispatcherServlet        : Initializing Servlet 'dispatcherServlet'
2024-08-24T20:19:10.317+01:00  INFO 39471 --- [Lavalink] [XNIO-1 task-2] o.s.web.servlet.DispatcherServlet        : Completed initialization in 1 ms
2024-08-24T20:19:10.331+01:00  INFO 39471 --- [Lavalink] [XNIO-1 task-2] l.server.io.HandshakeInterceptorImpl     : Incoming connection from /[0:0:0:0:0:0:0:1]:54603
2024-08-24T20:19:10.341+01:00  INFO 39471 --- [Lavalink] [XNIO-1 task-2] l.server.io.RequestLoggingFilter         : GET /v4/websocket, client=0:0:0:0:0:0:0:1
2024-08-24T20:19:10.372+01:00  INFO 39471 --- [Lavalink] [XNIO-1 task-2] lavalink.server.io.SocketServer          : Connection successfully established from Wavelink/3.3.0
2024-08-24T20:19:10.450+01:00  INFO 39471 --- [Lavalink] [XNIO-1 task-2] l.server.io.RequestLoggingFilter         : PATCH /v4/sessions/q7d7ewne7075bpcj, client=127.0.0.1, payload={"resuming": true, "timeout": 60}
2024-08-24T20:19:10.460+01:00  INFO 39471 --- [Lavalink] [XNIO-1 task-2] l.server.io.RequestLoggingFilter         : GET /v4/info, client=127.0.0.1
2024-08-24T20:19:41.578+01:00  INFO 39471 --- [Lavalink] [XNIO-1 I/O-1] lavalink.server.io.SocketServer          : Connection closed from /[0:0:0:0:0:0:0:1]:54603 with status CloseStatus[code=1006, reason=] -- Session can be resumed within the next 60 seconds with id q7d7ewne7075bpcj
2024-08-24T20:19:42.958+01:00  INFO 39471 --- [Lavalink] [SpringApplicationShutdownHook] io.undertow                              : stopping server: Undertow - 2.3.13.Final
2024-08-24T20:19:42.961+01:00  INFO 39471 --- [Lavalink] [SpringApplicationShutdownHook] io.undertow.servlet                      : Destroying Spring FrameworkServlet 'dispatcherServlet'
2024-08-24T20:19:42.964+01:00  INFO 39471 --- [Lavalink] [SpringApplicationShutdownHook] c.s.d.l.tools.GarbageCollectionMonitor   : GC monitoring disabled.
